<?xml version="1.0" encoding="UTF-8"?>
<testng-results ignored="0" total="1" passed="1" failed="0" skipped="0">
  <reporter-output>
  </reporter-output>
  <suite started-at="2021-11-19T01:48:58 IST" name="Default suite" finished-at="2021-11-19T01:49:16 IST" duration-ms="18551">
    <groups>
    </groups>
    <test started-at="2021-11-19T01:48:58 IST" name="Default test" finished-at="2021-11-19T01:49:16 IST" duration-ms="18551">
      <class name="scripts.AddToCart">
        <test-method is-config="true" signature="openApp()[pri:0, instance:scripts.AddToCart@51dcb805]" started-at="2021-11-19T01:48:58 IST" name="openApp" finished-at="2021-11-19T01:49:09 IST" duration-ms="10971" status="PASS">
          <reporter-output>
          </reporter-output>
        </test-method> <!-- openApp -->
        <test-method signature="tc1()[pri:0, instance:scripts.AddToCart@51dcb805]" started-at="2021-11-19T01:49:09 IST" name="tc1" finished-at="2021-11-19T01:49:16 IST" duration-ms="7064" status="PASS">
          <reporter-output>
          </reporter-output>
        </test-method> <!-- tc1 -->
        <test-method is-config="true" signature="closeApp(org.testng.ITestResult)[pri:0, instance:scripts.AddToCart@51dcb805]" started-at="2021-11-19T01:49:16 IST" name="closeApp" finished-at="2021-11-19T01:49:16 IST" duration-ms="440" status="PASS">
          <params>
            <param index="0">
              <value>
                <![CDATA[[TestResult name=tc1 status=SUCCESS method=AddToCart.tc1()[pri:0, instance:scripts.AddToCart@51dcb805] output={null}]]]>
              </value>
            </param>
          </params>
          <reporter-output>
          </reporter-output>
        </test-method> <!-- closeApp -->
      </class> <!-- scripts.AddToCart -->
    </test> <!-- Default test -->
  </suite> <!-- Default suite -->
</testng-results>
